{
  "RSpec": {
    "coverage": {
      "/Users/danielthierrymarcelin/Documents/School Related 😎/NYCU-related/3rd Semester/SOA/jobify/mvc/init.rb": {
        "lines": [
          null,
          null,
          1,
          2,
          null
        ]
      },
      "/Users/danielthierrymarcelin/Documents/School Related 😎/NYCU-related/3rd Semester/SOA/jobify/mvc/config/init.rb": {
        "lines": [
          null,
          null,
          1
        ]
      },
      "/Users/danielthierrymarcelin/Documents/School Related 😎/NYCU-related/3rd Semester/SOA/jobify/mvc/config/environment.rb": {
        "lines": [
          null,
          null,
          1,
          1,
          null,
          1,
          null,
          1,
          1,
          1,
          null,
          null
        ]
      },
      "/Users/danielthierrymarcelin/Documents/School Related 😎/NYCU-related/3rd Semester/SOA/jobify/mvc/app/init.rb": {
        "lines": [
          null,
          null,
          1,
          2,
          null
        ]
      },
      "/Users/danielthierrymarcelin/Documents/School Related 😎/NYCU-related/3rd Semester/SOA/jobify/mvc/app/models/init.rb": {
        "lines": [
          null,
          null,
          1,
          null,
          4,
          3,
          null,
          null
        ]
      },
      "/Users/danielthierrymarcelin/Documents/School Related 😎/NYCU-related/3rd Semester/SOA/jobify/mvc/app/models/entities/job.rb": {
        "lines": [
          null,
          null,
          1,
          1,
          null,
          1,
          1,
          null,
          1,
          1,
          1,
          1,
          1,
          1,
          1,
          1,
          null,
          null,
          null
        ]
      },
      "/Users/danielthierrymarcelin/Documents/School Related 😎/NYCU-related/3rd Semester/SOA/jobify/mvc/app/models/gateways_careerjet/job_api.rb": {
        "lines": [
          null,
          null,
          1,
          null,
          1,
          1,
          null,
          1,
          1,
          1,
          null,
          null,
          1,
          1,
          null,
          null,
          null,
          null,
          1,
          1,
          1,
          1,
          1,
          null,
          null,
          1,
          1,
          1,
          null,
          null,
          null,
          null,
          null,
          null,
          null,
          null,
          null,
          null,
          null,
          null
        ]
      },
      "/Users/danielthierrymarcelin/Documents/School Related 😎/NYCU-related/3rd Semester/SOA/jobify/mvc/app/models/mappers/job_mapper.rb": {
        "lines": [
          null,
          null,
          1,
          1,
          null,
          1,
          1,
          1,
          1,
          1,
          null,
          null,
          1,
          1,
          21,
          null,
          null,
          1,
          20,
          null,
          null,
          null,
          null,
          1,
          1,
          20,
          null,
          null,
          1,
          20,
          null,
          null,
          null,
          null,
          null,
          null,
          null,
          null,
          null,
          1,
          20,
          null,
          null,
          1,
          20,
          null,
          null,
          1,
          20,
          null,
          null,
          1,
          20,
          null,
          null,
          1,
          20,
          null,
          null,
          1,
          20,
          null,
          null,
          null,
          null
        ]
      },
      "/Users/danielthierrymarcelin/Documents/School Related 😎/NYCU-related/3rd Semester/SOA/jobify/mvc/app/controllers/init.rb": {
        "lines": [
          null,
          null,
          1,
          2,
          null
        ]
      },
      "/Users/danielthierrymarcelin/Documents/School Related 😎/NYCU-related/3rd Semester/SOA/jobify/mvc/app/controllers/app.rb": {
        "lines": [
          null,
          null,
          1,
          1,
          null,
          1,
          null,
          1,
          1,
          1,
          1,
          null,
          1,
          0,
          null,
          null,
          0,
          0,
          null,
          0,
          0,
          null,
          0,
          0,
          0,
          0,
          0,
          null,
          0,
          null,
          0,
          null,
          null,
          null,
          0,
          null,
          0,
          0,
          null,
          null,
          0,
          0,
          null,
          null,
          null,
          null,
          null,
          null
        ]
      }
    },
    "timestamp": 1635736641
  }
}
